<?xml version="1.0" encoding="UTF-8"?>
<testsuite name="MainTest" tests="1" skipped="0" failures="0" errors="0" timestamp="2024-10-20T09:28:10" hostname="DESKTOP-GO8N2MN" time="0.019">
  <properties/>
  <testcase name="testMediaDigitosNumeroPositivo()" classname="MainTest" time="0.019"/>
  <system-out><![CDATA[]]></system-out>
  <system-err><![CDATA[]]></system-err>
</testsuite>
